#
# There is insufficient memory for the Java Runtime Environment to continue.
# Native memory allocation (mmap) failed to map 536870912 bytes for G1 virtual space
# Possible reasons:
#   The system is out of physical RAM or swap space
#   The process is running with CompressedOops enabled, and the Java Heap may be blocking the growth of the native heap
# Possible solutions:
#   Reduce memory load on the system
#   Increase physical memory or swap space
#   Check if swap backing store is full
#   Decrease Java heap size (-Xmx/-Xms)
#   Decrease number of Java threads
#   Decrease Java thread stack sizes (-Xss)
#   Set larger code cache with -XX:ReservedCodeCacheSize=
#   JVM is running with Zero Based Compressed Oops mode in which the Java heap is
#     placed in the first 32GB address space. The Java Heap base address is the
#     maximum limit for the native heap growth. Please use -XX:HeapBaseMinAddress
#     to set the Java Heap base and to place the Java Heap above 32GB virtual address.
# This output file may be truncated or incomplete.
#
#  Out of Memory Error (os_windows.cpp:3552), pid=29264, tid=27668
#
# JRE version:  (17.0.9+11) (build )
# Java VM: Java HotSpot(TM) 64-Bit Server VM (17.0.9+11-LTS-201, mixed mode, sharing, tiered, compressed oops, compressed class ptrs, g1 gc, windows-amd64)
# No core dump will be written. Minidumps are not enabled by default on client versions of Windows
#

---------------  S U M M A R Y ------------

Command Line: -javaagent:C:\Users\Home-PC\AppData\Local\Programs\IntelliJ IDEA Community Edition\lib\idea_rt.jar=7587:C:\Users\Home-PC\AppData\Local\Programs\IntelliJ IDEA Community Edition\bin -Dfile.encoding=UTF-8 sec02.writeExam.WriteExam

Host: AMD Ryzen 5 5600X 6-Core Processor             , 12 cores, 31G,  Windows 10 , 64 bit Build 19041 (10.0.19041.3636)
Time: Mon Jan 29 22:39:06 2024  Windows 10 , 64 bit Build 19041 (10.0.19041.3636) elapsed time: 0.013260 seconds (0d 0h 0m 0s)

---------------  T H R E A D  ---------------

Current thread (0x000001dbbb7ea630):  JavaThread "Unknown thread" [_thread_in_vm, id=27668, stack(0x000000145a700000,0x000000145a800000)]

Stack: [0x000000145a700000,0x000000145a800000]
Native frames: (J=compiled Java code, j=interpreted, Vv=VM code, C=native code)
V  [jvm.dll+0x678a4a]
V  [jvm.dll+0x7d9cfd]
V  [jvm.dll+0x7db60e]
V  [jvm.dll+0x7dbc73]
V  [jvm.dll+0x245e1f]
V  [jvm.dll+0x6758f9]
V  [jvm.dll+0x66a2a2]
V  [jvm.dll+0x303686]
V  [jvm.dll+0x30ac06]
V  [jvm.dll+0x35a48e]
V  [jvm.dll+0x35a6bf]
V  [jvm.dll+0x2da678]
V  [jvm.dll+0x2db5e4]
V  [jvm.dll+0x7ab6b1]
V  [jvm.dll+0x368041]
V  [jvm.dll+0x78a749]
V  [jvm.dll+0x3ebd4f]
V  [jvm.dll+0x3ed7d1]
C  [jli.dll+0x5297]
C  [ucrtbase.dll+0x21bb2]
C  [KERNEL32.DLL+0x17344]
C  [ntdll.dll+0x526b1]


---------------  P R O C E S S  ---------------

Threads class SMR info:
_java_thread_list=0x00007ffee83289d8, length=0, elements={
}

Java Threads: ( => current thread )

Other Threads:
  0x000001dbbb897310 GCTaskThread "GC Thread#0" [stack: 0x000000145a800000,0x000000145a900000] [id=27480]
  0x000001dbb972dfc0 ConcurrentGCThread "G1 Main Marker" [stack: 0x000000145a900000,0x000000145aa00000] [id=7872]
  0x000001dbb972e8e0 ConcurrentGCThread "G1 Conc#0" [stack: 0x000000145aa00000,0x000000145ab00000] [id=12240]

[error occurred during error reporting (printing all threads), id 0xc0000005, EXCEPTION_ACCESS_VIOLATION (0xc0000005) at pc=0x00007ffee7b5b2d7]

VM state: not at safepoint (not fully initialized)

VM Mutex/Monitor currently owned by a thread:  ([mutex/lock_event])
[0x000001dbbb7e70e0] Heap_lock - owner thread: 0x000001dbbb7ea630

Heap address: 0x0000000601000000, size: 8176 MB, Compressed Oops mode: Zero based, Oop shift amount: 3

CDS archive(s) mapped at: [0x0000000000000000-0x0000000000000000-0x0000000000000000), size 0, SharedBaseAddress: 0x0000000800000000, ArchiveRelocationMode: 1.
Narrow klass base: 0x0000000000000000, Narrow klass shift: 0, Narrow klass range: 0x0

GC Precious Log:
<Empty>

Heap:
 garbage-first heap   total 0K, used 0K [0x0000000601000000, 0x0000000800000000)
  region size 4096K, 0 young (0K), 0 survivors (0K)

[error occurred during error reporting (printing heap information), id 0xc0000005, EXCEPTION_ACCESS_VIOLATION (0xc0000005) at pc=0x00007ffee7f42229]

GC Heap History (0 events):
No events

Deoptimization events (0 events):
No events

Classes unloaded (0 events):
No events

Classes redefined (0 events):
No events

Internal exceptions (0 events):
No events

VM Operations (0 events):
No events

Events (1 events):
Event: 0.009 Loaded shared library C:\Program Files\Java\jdk-17\bin\java.dll


Dynamic libraries:
0x00007ff777dd0000 - 0x00007ff777de0000 	C:\Program Files\Java\jdk-17\bin\java.exe
0x00007fffb79b0000 - 0x00007fffb7ba8000 	C:\WINDOWS\SYSTEM32\ntdll.dll
0x00007fffb7660000 - 0x00007fffb771d000 	C:\WINDOWS\System32\KERNEL32.DLL
0x00007fffb55d0000 - 0x00007fffb58c6000 	C:\WINDOWS\System32\KERNELBASE.dll
0x00007fffb52f0000 - 0x00007fffb53f0000 	C:\WINDOWS\System32\ucrtbase.dll
0x00007fffa8230000 - 0x00007fffa8249000 	C:\Program Files\Java\jdk-17\bin\jli.dll
0x00007fffa8210000 - 0x00007fffa822b000 	C:\Program Files\Java\jdk-17\bin\VCRUNTIME140.dll
0x00007fffb7720000 - 0x00007fffb77d3000 	C:\WINDOWS\System32\ADVAPI32.dll
0x00007fffb5d30000 - 0x00007fffb5dce000 	C:\WINDOWS\System32\msvcrt.dll
0x00007fffb66c0000 - 0x00007fffb675f000 	C:\WINDOWS\System32\sechost.dll
0x00007fffb5a90000 - 0x00007fffb5bb6000 	C:\WINDOWS\System32\RPCRT4.dll
0x00007fffb5080000 - 0x00007fffb50a7000 	C:\WINDOWS\System32\bcrypt.dll
0x00007fffb5dd0000 - 0x00007fffb5f6e000 	C:\WINDOWS\System32\USER32.dll
0x00007fffb52c0000 - 0x00007fffb52e2000 	C:\WINDOWS\System32\win32u.dll
0x00007fffb5f70000 - 0x00007fffb5f9c000 	C:\WINDOWS\System32\GDI32.dll
0x00007fffb5460000 - 0x00007fffb557a000 	C:\WINDOWS\System32\gdi32full.dll
0x00007fffa8760000 - 0x00007fffa89fa000 	C:\WINDOWS\WinSxS\amd64_microsoft.windows.common-controls_6595b64144ccf1df_6.0.19041.3636_none_60b6a03d71f818d5\COMCTL32.dll
0x00007fffb5960000 - 0x00007fffb59fd000 	C:\WINDOWS\System32\msvcp_win.dll
0x00007fffae2b0000 - 0x00007fffae2ba000 	C:\WINDOWS\SYSTEM32\VERSION.dll
0x00007fffb6680000 - 0x00007fffb66b0000 	C:\WINDOWS\System32\IMM32.DLL
0x00007fffabfe0000 - 0x00007fffabfec000 	C:\Program Files\Java\jdk-17\bin\vcruntime140_1.dll
0x00007fff5a2e0000 - 0x00007fff5a36e000 	C:\Program Files\Java\jdk-17\bin\msvcp140.dll
0x00007ffee7870000 - 0x00007ffee8451000 	C:\Program Files\Java\jdk-17\bin\server\jvm.dll
0x00007fffb66b0000 - 0x00007fffb66b8000 	C:\WINDOWS\System32\PSAPI.DLL
0x00007fffaa4e0000 - 0x00007fffaa4e9000 	C:\WINDOWS\SYSTEM32\WSOCK32.dll
0x00007fffa2ca0000 - 0x00007fffa2cc7000 	C:\WINDOWS\SYSTEM32\WINMM.dll
0x00007fffb5cc0000 - 0x00007fffb5d2b000 	C:\WINDOWS\System32\WS2_32.dll
0x00007fffb2e30000 - 0x00007fffb2e42000 	C:\WINDOWS\SYSTEM32\kernel.appcore.dll
0x00007fffa8200000 - 0x00007fffa820a000 	C:\Program Files\Java\jdk-17\bin\jimage.dll
0x00007fffa2050000 - 0x00007fffa2234000 	C:\WINDOWS\SYSTEM32\DBGHELP.DLL
0x00007fff99c20000 - 0x00007fff99c54000 	C:\WINDOWS\SYSTEM32\dbgcore.DLL
0x00007fffb58d0000 - 0x00007fffb5952000 	C:\WINDOWS\System32\bcryptPrimitives.dll
0x00007fffa81c0000 - 0x00007fffa81ce000 	C:\Program Files\Java\jdk-17\bin\instrument.dll
0x00007fffa81d0000 - 0x00007fffa81f5000 	C:\Program Files\Java\jdk-17\bin\java.dll

dbghelp: loaded successfully - version: 4.0.5 - missing functions: none
symbol engine: initialized successfully - sym options: 0x614 - pdb path: .;C:\Program Files\Java\jdk-17\bin;C:\WINDOWS\SYSTEM32;C:\WINDOWS\WinSxS\amd64_microsoft.windows.common-controls_6595b64144ccf1df_6.0.19041.3636_none_60b6a03d71f818d5;C:\Program Files\Java\jdk-17\bin\server

VM Arguments:
jvm_args: -javaagent:C:\Users\Home-PC\AppData\Local\Programs\IntelliJ IDEA Community Edition\lib\idea_rt.jar=7587:C:\Users\Home-PC\AppData\Local\Programs\IntelliJ IDEA Community Edition\bin -Dfile.encoding=UTF-8 
java_command: sec02.writeExam.WriteExam
java_class_path (initial): C:\Users\Home-PC\Desktop\thisisjava-sourcefile\out\production\chap18
Launcher Type: SUN_STANDARD

[Global flags]
     intx CICompilerCount                          = 4                                         {product} {ergonomic}
     uint ConcGCThreads                            = 3                                         {product} {ergonomic}
     uint G1ConcRefinementThreads                  = 10                                        {product} {ergonomic}
   size_t G1HeapRegionSize                         = 4194304                                   {product} {ergonomic}
    uintx GCDrainStackTargetSize                   = 64                                        {product} {ergonomic}
   size_t InitialHeapSize                          = 536870912                                 {product} {ergonomic}
   size_t MarkStackSize                            = 4194304                                   {product} {ergonomic}
   size_t MaxHeapSize                              = 8573157376                                {product} {ergonomic}
   size_t MinHeapDeltaBytes                        = 4194304                                   {product} {ergonomic}
   size_t MinHeapSize                              = 8388608                                   {product} {ergonomic}
    uintx NonNMethodCodeHeapSize                   = 5839372                                {pd product} {ergonomic}
    uintx NonProfiledCodeHeapSize                  = 122909434                              {pd product} {ergonomic}
    uintx ProfiledCodeHeapSize                     = 122909434                              {pd product} {ergonomic}
    uintx ReservedCodeCacheSize                    = 251658240                              {pd product} {ergonomic}
     bool SegmentedCodeCache                       = true                                      {product} {ergonomic}
   size_t SoftMaxHeapSize                          = 8573157376                             {manageable} {ergonomic}
     bool UseCompressedClassPointers               = true                           {product lp64_product} {ergonomic}
     bool UseCompressedOops                        = true                           {product lp64_product} {ergonomic}
     bool UseG1GC                                  = true                                      {product} {ergonomic}
     bool UseLargePagesIndividualAllocation        = false                                  {pd product} {ergonomic}

Logging:
Log output configuration:
 #0: stdout all=warning uptime,level,tags
 #1: stderr all=off uptime,level,tags

Environment Variables:
JAVA_HOME=C:\Program Files\Java\jdk-17
PATH=C:\Program Files\Java\jdk-17\bin;C:\Program Files\Common Files\Oracle\Java\javapath;E:\Oculus\Support\oculus-runtime;C:\Program Files\Java\jdk-8.0.352.8-hotspot\bin;C:\Program Files (x86)\Common Files\Oracle\Java\javapath;C:\Program Files (x86)\NAT Service;C:\WINDOWS\system32;C:\WINDOWS;C:\WINDOWS\System32\Wbem;C:\WINDOWS\System32\WindowsPowerShell\v1.0\;C:\WINDOWS\System32\OpenSSH\;C:\Program Files (x86)\NVIDIA Corporation\PhysX\Common;C:\WINDOWS\system32;C:\WINDOWS;C:\WINDOWS\System32\Wbem;C:\WINDOWS\System32\WindowsPowerShell\v1.0\;C:\WINDOWS\System32\OpenSSH\;C:\Program Files\PuTTY\;C:\Program Files\dotnet\;D:\Git\cmd;C:\Program Files\nodejs\;D:\Gradle\gradle-8.5\bin;C:\Program Files\MySQL\MySQL Server 8.0\bin;;C:\Program Files (x86)\ePapyrus\Papyrus-PlugIn-web;C:\Program Files (x86)\ePapyrus\Papyrus-PlugIn-web\Addins;C:\Program Files\Docker\Docker\resources\bin;C:\Program Files\MySQL\MySQL Shell 8.2\bin\;C:\Users\Home-PC\AppData\Local\Programs\Python\Python311\Scripts\;C:\Users\Home-PC\AppData\Local\Programs\Python\Python311\;C:\Users\Home-PC\AppData\Local\Programs\Python\Python310\Scripts\;C:\Users\Home-PC\AppData\Local\Programs\Python\Python310\;C:\Users\Home-PC\AppData\Local\Microsoft\WindowsApps;C:\Users\Home-PC\AppData\Local\Microsoft\WindowsApps;C:\Users\Home-PC\AppData\Local\afreeca;C:\Users\Home-PC\AppData\Local\Programs\Microsoft VS Code\bin;C:\Program Files\JetBrains\IntelliJ IDEA Community Edition 2022.3.1\bin;C:\Users\Home-PC\AppData\Roaming\npm;C:\Users\Home-PC\AppData\Local\JetBrains\Toolbox\scripts
USERNAME=Home-PC
OS=Windows_NT
PROCESSOR_IDENTIFIER=AMD64 Family 25 Model 33 Stepping 2, AuthenticAMD



---------------  S Y S T E M  ---------------

OS:
 Windows 10 , 64 bit Build 19041 (10.0.19041.3636)
OS uptime: 8 days 11:10 hours
Hyper-V role detected

CPU: total 12 (initial active 12) (12 cores per cpu, 2 threads per core) family 25 model 33 stepping 2 microcode 0x0, cx8, cmov, fxsr, ht, mmx, 3dnowpref, sse, sse2, sse3, ssse3, sse4a, sse4.1, sse4.2, popcnt, lzcnt, tsc, tscinvbit, avx, avx2, aes, erms, clmul, bmi1, bmi2, adx, sha, fma, vzeroupper, clflush, clflushopt, hv

Memory: 4k page, system-wide physical 32689M (8539M free)
TotalPageFile size 32689M (AvailPageFile size 482M)
current process WorkingSet (physical memory assigned to process): 11M, peak: 11M
current process commit charge ("private bytes"): 64M, peak: 576M

vm_info: Java HotSpot(TM) 64-Bit Server VM (17.0.9+11-LTS-201) for windows-amd64 JRE (17.0.9+11-LTS-201), built on Oct 10 2023 23:16:06 by "mach5one" with MS VC++ 17.1 (VS2022)

END.
